<?xml version="1.0" encoding="UTF-8"?>
<!-- Generated by org.testng.reporters.JUnitXMLReporter -->
<testsuite hostname="LAP032" name="Test_Emailcampaign" tests="6" failures="0" timestamp="3 Jun 2019 10:55:40 GMT" time="167.313" errors="0">
  <testcase name="@BeforeMethod ecampaign" time="0.0" classname="com.xamplify.login.Emailcampaign">
    <failure type="org.openqa.selenium.NoSuchElementException" message="no such element: Unable to locate element: {&amp;quot;method&amp;quot;:&amp;quot;xpath&amp;quot;,&amp;quot;selector&amp;quot;:&amp;quot;//*[@id=&amp;quot;step-5&amp;quot;]/div/div/div[2]/div/form/div/div/app-pagination/ul/li[9]/a/span/span&amp;quot;}
  (Session info: chrome=74.0.3729.169)
  (Driver info: chromedriver=2.43.600210 (68dcf5eebde37173d4027fa8635e332711d2874a),platform=Windows NT 6.1.7601 SP1 x86_64) (WARNING: The server did not provide any stacktrace information)
Command duration or timeout: 0 milliseconds
For documentation on this error, please visit: http://seleniumhq.org/exceptions/no_such_element.html
Build info: version: &amp;apos;3.5.3&amp;apos;, revision: &amp;apos;a88d25fe6b&amp;apos;, time: &amp;apos;2017-08-29T12:42:44.417Z&amp;apos;
System info: host: &amp;apos;LAP032&amp;apos;, ip: &amp;apos;172.16.16.55&amp;apos;, os.name: &amp;apos;Windows 7&amp;apos;, os.arch: &amp;apos;amd64&amp;apos;, os.version: &amp;apos;6.1&amp;apos;, java.version: &amp;apos;1.8.0_181&amp;apos;
Driver info: org.openqa.selenium.chrome.ChromeDriver
Capabilities [{mobileEmulationEnabled=false, hasTouchScreen=false, platform=XP, acceptSslCerts=false, goog:chromeOptions={debuggerAddress=localhost:61717}, acceptInsecureCerts=false, webStorageEnabled=true, browserName=chrome, takesScreenshot=true, javascriptEnabled=true, platformName=XP, setWindowRect=true, unexpectedAlertBehaviour=, applicationCacheEnabled=false, rotatable=false, networkConnectionEnabled=false, chrome={chromedriverVersion=2.43.600210 (68dcf5eebde37173d4027fa8635e332711d2874a), userDataDir=C:\Users\lakshmig\AppData\Local\Temp\scoped_dir8548_10127}, takesHeapSnapshot=true, unhandledPromptBehavior=, pageLoadStrategy=normal, databaseEnabled=false, handlesAlerts=true, version=74.0.3729.169, browserConnectionEnabled=false, nativeEvents=true, locationContextEnabled=true, cssSelectorsEnabled=true}]
Session ID: a30bb518784027592dc7841cdccfa5ca
*** Element info: {Using=xpath, value=//*[@id=&amp;quot;step-5&amp;quot;]/div/div/div[2]/div/form/div/div/app-pagination/ul/li[9]/a/span/span}">
      <![CDATA[org.openqa.selenium.NoSuchElementException: no such element: Unable to locate element: {"method":"xpath","selector":"//*[@id="step-5"]/div/div/div[2]/div/form/div/div/app-pagination/ul/li[9]/a/span/span"}
  (Session info: chrome=74.0.3729.169)
  (Driver info: chromedriver=2.43.600210 (68dcf5eebde37173d4027fa8635e332711d2874a),platform=Windows NT 6.1.7601 SP1 x86_64) (WARNING: The server did not provide any stacktrace information)
Command duration or timeout: 0 milliseconds
For documentation on this error, please visit: http://seleniumhq.org/exceptions/no_such_element.html
Build info: version: '3.5.3', revision: 'a88d25fe6b', time: '2017-08-29T12:42:44.417Z'
System info: host: 'LAP032', ip: '172.16.16.55', os.name: 'Windows 7', os.arch: 'amd64', os.version: '6.1', java.version: '1.8.0_181'
Driver info: org.openqa.selenium.chrome.ChromeDriver
Capabilities [{mobileEmulationEnabled=false, hasTouchScreen=false, platform=XP, acceptSslCerts=false, goog:chromeOptions={debuggerAddress=localhost:61717}, acceptInsecureCerts=false, webStorageEnabled=true, browserName=chrome, takesScreenshot=true, javascriptEnabled=true, platformName=XP, setWindowRect=true, unexpectedAlertBehaviour=, applicationCacheEnabled=false, rotatable=false, networkConnectionEnabled=false, chrome={chromedriverVersion=2.43.600210 (68dcf5eebde37173d4027fa8635e332711d2874a), userDataDir=C:\Users\lakshmig\AppData\Local\Temp\scoped_dir8548_10127}, takesHeapSnapshot=true, unhandledPromptBehavior=, pageLoadStrategy=normal, databaseEnabled=false, handlesAlerts=true, version=74.0.3729.169, browserConnectionEnabled=false, nativeEvents=true, locationContextEnabled=true, cssSelectorsEnabled=true}]
Session ID: a30bb518784027592dc7841cdccfa5ca
*** Element info: {Using=xpath, value=//*[@id="step-5"]/div/div/div[2]/div/form/div/div/app-pagination/ul/li[9]/a/span/span}
	at org.openqa.selenium.remote.ErrorHandler.createThrowable(ErrorHandler.java:215)
	at org.openqa.selenium.remote.ErrorHandler.throwIfResponseFailed(ErrorHandler.java:167)
	at org.openqa.selenium.remote.http.JsonHttpResponseCodec.reconstructValue(JsonHttpResponseCodec.java:40)
	at org.openqa.selenium.remote.http.AbstractHttpResponseCodec.decode(AbstractHttpResponseCodec.java:82)
	at org.openqa.selenium.remote.http.AbstractHttpResponseCodec.decode(AbstractHttpResponseCodec.java:45)
	at org.openqa.selenium.remote.HttpCommandExecutor.execute(HttpCommandExecutor.java:164)
	at org.openqa.selenium.remote.service.DriverCommandExecutor.execute(DriverCommandExecutor.java:82)
	at org.openqa.selenium.remote.RemoteWebDriver.execute(RemoteWebDriver.java:646)
	at org.openqa.selenium.remote.RemoteWebDriver.findElement(RemoteWebDriver.java:416)
	at org.openqa.selenium.remote.RemoteWebDriver.findElementByXPath(RemoteWebDriver.java:518)
	at org.openqa.selenium.By$ByXPath.findElement(By.java:361)
	at org.openqa.selenium.remote.RemoteWebDriver.findElement(RemoteWebDriver.java:408)
	at com.xamplify.login.Emailcampaign.ecampaign(Emailcampaign.java:181)
... Removed 30 stack frames]]>
    </failure>
  </testcase> <!-- @BeforeMethod ecampaign -->
  <testcase name="@BeforeMethod ecampaign" time="0.0" classname="com.xamplify.login.Emailcampaign">
    <skipped/>
  </testcase> <!-- @BeforeMethod ecampaign -->
  <testcase name="@BeforeMethod ecampaign" time="0.0" classname="com.xamplify.login.Emailcampaign">
    <skipped/>
  </testcase> <!-- @BeforeMethod ecampaign -->
  <testcase name="@BeforeMethod ecampaign" time="0.0" classname="com.xamplify.login.Emailcampaign">
    <skipped/>
  </testcase> <!-- @BeforeMethod ecampaign -->
  <testcase name="@BeforeMethod ecampaign" time="0.0" classname="com.xamplify.login.Emailcampaign">
    <skipped/>
  </testcase> <!-- @BeforeMethod ecampaign -->
  <testcase name="@BeforeMethod ecampaign" time="0.0" classname="com.xamplify.login.Emailcampaign">
    <skipped/>
  </testcase> <!-- @BeforeMethod ecampaign -->
  <testcase name="email_savetest" time="0.001" classname="com.xamplify.login.Emailcampaign">
    <skipped/>
  </testcase> <!-- email_savetest -->
  <testcase name="email_now" time="0.001" classname="com.xamplify.login.Emailcampaign">
    <skipped/>
  </testcase> <!-- email_now -->
  <testcase name="email_schedule" time="0.001" classname="com.xamplify.login.Emailcampaign">
    <skipped/>
  </testcase> <!-- email_schedule -->
  <testcase name="email_savetest1" time="0.0" classname="com.xamplify.login.Emailcampaign">
    <skipped/>
  </testcase> <!-- email_savetest1 -->
  <testcase name="email_now1" time="0.001" classname="com.xamplify.login.Emailcampaign">
    <skipped/>
  </testcase> <!-- email_now1 -->
  <testcase name="email_schedule1" time="0.002" classname="com.xamplify.login.Emailcampaign">
    <skipped/>
  </testcase> <!-- email_schedule1 -->
</testsuite> <!-- Test_Emailcampaign -->
